<?xml version="1.0" encoding="UTF-8"?>
<testng-results ignored="0" total="1" passed="1" failed="0" skipped="0">
  <reporter-output>
  </reporter-output>
  <suite started-at="2024-01-22T17:39:51 CST" name="Default suite" finished-at="2024-01-22T17:40:05 CST" duration-ms="14350">
    <groups>
    </groups>
    <test started-at="2024-01-22T17:39:51 CST" name="Default test" finished-at="2024-01-22T17:40:05 CST" duration-ms="14350">
      <class name="lastTest.lastTest1">
        <test-method is-config="true" signature="initDriver()[pri:0, instance:lastTest.lastTest1@51e69659]" started-at="2024-01-22T17:39:51 CST" name="initDriver" finished-at="2024-01-22T17:39:56 CST" duration-ms="5534" status="PASS">
          <reporter-output>
          </reporter-output>
        </test-method> <!-- initDriver -->
        <test-method signature="loginMethod()[pri:0, instance:lastTest.lastTest1@51e69659]" started-at="2024-01-22T17:39:56 CST" name="loginMethod" finished-at="2024-01-22T17:40:05 CST" duration-ms="8744" status="PASS">
          <reporter-output>
          </reporter-output>
        </test-method> <!-- loginMethod -->
      </class> <!-- lastTest.lastTest1 -->
    </test> <!-- Default test -->
  </suite> <!-- Default suite -->
</testng-results>
